09-Nov-2018 09:52:21.696 信息 [main] org.apache.catalina.startup.VersionLoggerListener.log Server version:        Apache Tomcat/8.5.35
09-Nov-2018 09:52:21.821 信息 [main] org.apache.catalina.startup.VersionLoggerListener.log Server built:          Nov 3 2018 17:39:20 UTC
09-Nov-2018 09:52:21.821 信息 [main] org.apache.catalina.startup.VersionLoggerListener.log Server number:         8.5.35.0
09-Nov-2018 09:52:21.836 信息 [main] org.apache.catalina.startup.VersionLoggerListener.log OS Name:               Windows 7
09-Nov-2018 09:52:21.836 信息 [main] org.apache.catalina.startup.VersionLoggerListener.log OS Version:            6.1
09-Nov-2018 09:52:21.836 信息 [main] org.apache.catalina.startup.VersionLoggerListener.log Architecture:          amd64
09-Nov-2018 09:52:21.852 信息 [main] org.apache.catalina.startup.VersionLoggerListener.log Java Home:             D:\JDK\Java\jdk1.8.0_181\jre
09-Nov-2018 09:52:21.852 信息 [main] org.apache.catalina.startup.VersionLoggerListener.log JVM Version:           1.8.0_181-b13
09-Nov-2018 09:52:21.852 信息 [main] org.apache.catalina.startup.VersionLoggerListener.log JVM Vendor:            Oracle Corporation
09-Nov-2018 09:52:21.852 信息 [main] org.apache.catalina.startup.VersionLoggerListener.log CATALINA_BASE:         C:\Users\Administrator\Desktop\工具类\apache-tomcat-8.5.35
09-Nov-2018 09:52:21.852 信息 [main] org.apache.catalina.startup.VersionLoggerListener.log CATALINA_HOME:         C:\Users\Administrator\Desktop\工具类\apache-tomcat-8.5.35
09-Nov-2018 09:52:21.852 信息 [main] org.apache.catalina.startup.VersionLoggerListener.log Command line argument: -Djava.util.logging.config.file=C:\Users\Administrator\Desktop\工具类\apache-tomcat-8.5.35\conf\logging.properties
09-Nov-2018 09:52:21.868 信息 [main] org.apache.catalina.startup.VersionLoggerListener.log Command line argument: -Djava.util.logging.manager=org.apache.juli.ClassLoaderLogManager
09-Nov-2018 09:52:21.868 信息 [main] org.apache.catalina.startup.VersionLoggerListener.log Command line argument: -Djdk.tls.ephemeralDHKeySize=2048
09-Nov-2018 09:52:21.868 信息 [main] org.apache.catalina.startup.VersionLoggerListener.log Command line argument: -Djava.protocol.handler.pkgs=org.apache.catalina.webresources
09-Nov-2018 09:52:21.868 信息 [main] org.apache.catalina.startup.VersionLoggerListener.log Command line argument: -Dignore.endorsed.dirs=
09-Nov-2018 09:52:21.868 信息 [main] org.apache.catalina.startup.VersionLoggerListener.log Command line argument: -Dcatalina.base=C:\Users\Administrator\Desktop\工具类\apache-tomcat-8.5.35
09-Nov-2018 09:52:21.868 信息 [main] org.apache.catalina.startup.VersionLoggerListener.log Command line argument: -Dcatalina.home=C:\Users\Administrator\Desktop\工具类\apache-tomcat-8.5.35
09-Nov-2018 09:52:21.883 信息 [main] org.apache.catalina.startup.VersionLoggerListener.log Command line argument: -Djava.io.tmpdir=C:\Users\Administrator\Desktop\工具类\apache-tomcat-8.5.35\temp
09-Nov-2018 09:52:21.883 信息 [main] org.apache.catalina.core.AprLifecycleListener.lifecycleEvent The APR based Apache Tomcat Native library which allows optimal performance in production environments was not found on the java.library.path: [D:\JDK\Java\jdk1.8.0_181\bin;C:\windows\Sun\Java\bin;C:\windows\system32;C:\windows;C:\app\Administrator\product\11.2.0\client_1\bin;D:\app\Administrator\product\11.2.0\client_1;H:\app\Administrator\product\11.2.0\client_1\bin;C:\Program Files (x86)\Common Files\Oracle\Java\javapath;D:\JDK\Java\bin;D:\ProgramData\Anaconda3;D:\ProgramData\Anaconda3\Library\mingw-w64\bin;D:\ProgramData\Anaconda3\Library\usr\bin;D:\ProgramData\Anaconda3\Library\bin;D:\ProgramData\Anaconda3\Scripts;C:\windows\system32;C:\windows;C:\windows\System32\Wbem;C:\windows\System32\WindowsPowerShell\v1.0\;C:\Program Files\Microsoft\Web Platform Installer\;C:\Program Files (x86)\Microsoft ASP.NET\ASP.NET Web Pages\v1.0\;C:\Program Files\Microsoft SQL Server\110\Tools\Binn\;D:\Program Files (x86)\FME\;C:\Program Files\dotnet\;C:\Program Files (x86)\NVIDIA Corporation\PhysX\Common;C:\Program Files (x86)\Graphviz2.38\bin;C:\Program Files (x86)\Graphviz2.38;C:\Program Files (x86)\ArcGIS\Python27\ArcGIS10.2;C:\Program Files (x86)\ArcGIS\Python27\ArcGIS10.2\Scripts;D:\JDK\Java\jdk1.8.0_181\bin;E:\AndroidProject\android-sdk-windows;C:\Program Files\ArcGIS\ArcSDE\ora11gexe\bin\;C:\app\Administrator\product\11.2.0\client_1\BIN;C:\Program Files (x86)\MySQL\MySQL Server 5.5\bin;D:\MySQL\MySQL Server 5.5\bin;D:\Program Files\Git\cmd;D:\JDK\Java\jdk1.8.0_181\bin;D:\Program Files (x86)\MyFME\mapgis6x;D:\Program Files (x86)\MyFME\supermap6;D:\Program Files (x86)\MyFME\mapgisk9;D:\Program Files (x86)\MyFME\walkgis;D:\Program Files (x86)\MyFME\ogdc;D:\Program Files (x86)\MyFME\;C:\Program Files (x86)\ArcGIS\Python27\ArcGIS10.2;C:\Program Files (x86)\ArcGIS\Python27\ArcGIS10.2\Scripts;D:\Program Files\Microsoft VS Code\bin;.]
09-Nov-2018 09:52:23.506 信息 [main] org.apache.coyote.AbstractProtocol.init Initializing ProtocolHandler ["http-nio-8080"]
09-Nov-2018 09:52:24.254 信息 [main] org.apache.tomcat.util.net.NioSelectorPool.getSharedSelector Using a shared selector for servlet write/read
09-Nov-2018 09:52:24.286 信息 [main] org.apache.coyote.AbstractProtocol.init Initializing ProtocolHandler ["ajp-nio-8009"]
09-Nov-2018 09:52:24.286 信息 [main] org.apache.tomcat.util.net.NioSelectorPool.getSharedSelector Using a shared selector for servlet write/read
09-Nov-2018 09:52:24.286 信息 [main] org.apache.catalina.startup.Catalina.load Initialization processed in 4311 ms
09-Nov-2018 09:52:24.426 信息 [main] org.apache.catalina.core.StandardService.startInternal Starting service [Catalina]
09-Nov-2018 09:52:24.426 信息 [main] org.apache.catalina.core.StandardEngine.startInternal Starting Servlet Engine: Apache Tomcat/8.5.35
09-Nov-2018 09:52:24.457 信息 [localhost-startStop-1] org.apache.catalina.startup.HostConfig.deployDirectory Deploying web application directory [C:\Users\Administrator\Desktop\工具类\apache-tomcat-8.5.35\webapps\docs]
09-Nov-2018 09:52:25.284 信息 [localhost-startStop-1] org.apache.catalina.startup.HostConfig.deployDirectory Deployment of web application directory [C:\Users\Administrator\Desktop\工具类\apache-tomcat-8.5.35\webapps\docs] has finished in [827] ms
09-Nov-2018 09:52:25.300 信息 [localhost-startStop-1] org.apache.catalina.startup.HostConfig.deployDirectory Deploying web application directory [C:\Users\Administrator\Desktop\工具类\apache-tomcat-8.5.35\webapps\examples]
09-Nov-2018 09:52:25.736 信息 [localhost-startStop-1] org.apache.catalina.startup.HostConfig.deployDirectory Deployment of web application directory [C:\Users\Administrator\Desktop\工具类\apache-tomcat-8.5.35\webapps\examples] has finished in [436] ms
09-Nov-2018 09:52:25.736 信息 [localhost-startStop-1] org.apache.catalina.startup.HostConfig.deployDirectory Deploying web application directory [C:\Users\Administrator\Desktop\工具类\apache-tomcat-8.5.35\webapps\host-manager]
09-Nov-2018 09:52:25.768 信息 [localhost-startStop-1] org.apache.catalina.startup.HostConfig.deployDirectory Deployment of web application directory [C:\Users\Administrator\Desktop\工具类\apache-tomcat-8.5.35\webapps\host-manager] has finished in [32] ms
09-Nov-2018 09:52:25.783 信息 [localhost-startStop-1] org.apache.catalina.startup.HostConfig.deployDirectory Deploying web application directory [C:\Users\Administrator\Desktop\工具类\apache-tomcat-8.5.35\webapps\manager]
09-Nov-2018 09:52:25.799 信息 [localhost-startStop-1] org.apache.catalina.startup.HostConfig.deployDirectory Deployment of web application directory [C:\Users\Administrator\Desktop\工具类\apache-tomcat-8.5.35\webapps\manager] has finished in [16] ms
09-Nov-2018 09:52:25.799 信息 [localhost-startStop-1] org.apache.catalina.startup.HostConfig.deployDirectory Deploying web application directory [C:\Users\Administrator\Desktop\工具类\apache-tomcat-8.5.35\webapps\ROOT]
09-Nov-2018 09:52:25.830 信息 [localhost-startStop-1] org.apache.catalina.startup.HostConfig.deployDirectory Deployment of web application directory [C:\Users\Administrator\Desktop\工具类\apache-tomcat-8.5.35\webapps\ROOT] has finished in [31] ms
09-Nov-2018 09:52:25.830 信息 [main] org.apache.coyote.AbstractProtocol.start Starting ProtocolHandler ["http-nio-8080"]
09-Nov-2018 09:52:25.846 信息 [main] org.apache.coyote.AbstractProtocol.start Starting ProtocolHandler ["ajp-nio-8009"]
09-Nov-2018 09:52:25.861 信息 [main] org.apache.catalina.startup.Catalina.start Server startup in 1561 ms
09-Nov-2018 14:41:13.237 信息 [main] org.apache.catalina.startup.VersionLoggerListener.log Server version:        Apache Tomcat/8.5.35
09-Nov-2018 14:41:13.237 信息 [main] org.apache.catalina.startup.VersionLoggerListener.log Server built:          Nov 3 2018 17:39:20 UTC
09-Nov-2018 14:41:13.237 信息 [main] org.apache.catalina.startup.VersionLoggerListener.log Server number:         8.5.35.0
09-Nov-2018 14:41:13.237 信息 [main] org.apache.catalina.startup.VersionLoggerListener.log OS Name:               Windows 7
09-Nov-2018 14:41:13.237 信息 [main] org.apache.catalina.startup.VersionLoggerListener.log OS Version:            6.1
09-Nov-2018 14:41:13.237 信息 [main] org.apache.catalina.startup.VersionLoggerListener.log Architecture:          amd64
09-Nov-2018 14:41:13.237 信息 [main] org.apache.catalina.startup.VersionLoggerListener.log Java Home:             D:\JDK\Java\jdk1.8.0_181\jre
09-Nov-2018 14:41:13.237 信息 [main] org.apache.catalina.startup.VersionLoggerListener.log JVM Version:           1.8.0_181-b13
09-Nov-2018 14:41:13.237 信息 [main] org.apache.catalina.startup.VersionLoggerListener.log JVM Vendor:            Oracle Corporation
09-Nov-2018 14:41:13.237 信息 [main] org.apache.catalina.startup.VersionLoggerListener.log CATALINA_BASE:         C:\Users\Administrator\Desktop\工具类\apache-tomcat-8.5.35
09-Nov-2018 14:41:13.253 信息 [main] org.apache.catalina.startup.VersionLoggerListener.log CATALINA_HOME:         C:\Users\Administrator\Desktop\工具类\apache-tomcat-8.5.35
09-Nov-2018 14:41:13.253 信息 [main] org.apache.catalina.startup.VersionLoggerListener.log Command line argument: -Djava.util.logging.config.file=C:\Users\Administrator\Desktop\工具类\apache-tomcat-8.5.35\conf\logging.properties
09-Nov-2018 14:41:13.253 信息 [main] org.apache.catalina.startup.VersionLoggerListener.log Command line argument: -Djava.util.logging.manager=org.apache.juli.ClassLoaderLogManager
09-Nov-2018 14:41:13.253 信息 [main] org.apache.catalina.startup.VersionLoggerListener.log Command line argument: -Djdk.tls.ephemeralDHKeySize=2048
09-Nov-2018 14:41:13.253 信息 [main] org.apache.catalina.startup.VersionLoggerListener.log Command line argument: -Djava.protocol.handler.pkgs=org.apache.catalina.webresources
09-Nov-2018 14:41:13.253 信息 [main] org.apache.catalina.startup.VersionLoggerListener.log Command line argument: -Dignore.endorsed.dirs=
09-Nov-2018 14:41:13.253 信息 [main] org.apache.catalina.startup.VersionLoggerListener.log Command line argument: -Dcatalina.base=C:\Users\Administrator\Desktop\工具类\apache-tomcat-8.5.35
09-Nov-2018 14:41:13.253 信息 [main] org.apache.catalina.startup.VersionLoggerListener.log Command line argument: -Dcatalina.home=C:\Users\Administrator\Desktop\工具类\apache-tomcat-8.5.35
09-Nov-2018 14:41:13.253 信息 [main] org.apache.catalina.startup.VersionLoggerListener.log Command line argument: -Djava.io.tmpdir=C:\Users\Administrator\Desktop\工具类\apache-tomcat-8.5.35\temp
09-Nov-2018 14:41:13.268 信息 [main] org.apache.catalina.core.AprLifecycleListener.lifecycleEvent The APR based Apache Tomcat Native library which allows optimal performance in production environments was not found on the java.library.path: [D:\JDK\Java\jdk1.8.0_181\bin;C:\windows\Sun\Java\bin;C:\windows\system32;C:\windows;C:\app\Administrator\product\11.2.0\client_1\bin;D:\app\Administrator\product\11.2.0\client_1;H:\app\Administrator\product\11.2.0\client_1\bin;C:\Program Files (x86)\Common Files\Oracle\Java\javapath;D:\JDK\Java\bin;D:\ProgramData\Anaconda3;D:\ProgramData\Anaconda3\Library\mingw-w64\bin;D:\ProgramData\Anaconda3\Library\usr\bin;D:\ProgramData\Anaconda3\Library\bin;D:\ProgramData\Anaconda3\Scripts;C:\windows\system32;C:\windows;C:\windows\System32\Wbem;C:\windows\System32\WindowsPowerShell\v1.0\;C:\Program Files\Microsoft\Web Platform Installer\;C:\Program Files (x86)\Microsoft ASP.NET\ASP.NET Web Pages\v1.0\;C:\Program Files\Microsoft SQL Server\110\Tools\Binn\;D:\Program Files (x86)\FME\;C:\Program Files\dotnet\;C:\Program Files (x86)\NVIDIA Corporation\PhysX\Common;C:\Program Files (x86)\Graphviz2.38\bin;C:\Program Files (x86)\Graphviz2.38;C:\Program Files (x86)\ArcGIS\Python27\ArcGIS10.2;C:\Program Files (x86)\ArcGIS\Python27\ArcGIS10.2\Scripts;D:\JDK\Java\jdk1.8.0_181\bin;E:\AndroidProject\android-sdk-windows;C:\Program Files\ArcGIS\ArcSDE\ora11gexe\bin\;C:\app\Administrator\product\11.2.0\client_1\BIN;C:\Program Files (x86)\MySQL\MySQL Server 5.5\bin;D:\MySQL\MySQL Server 5.5\bin;D:\Program Files\Git\cmd;D:\JDK\Java\jdk1.8.0_181\bin;D:\Program Files (x86)\MyFME\mapgis6x;D:\Program Files (x86)\MyFME\supermap6;D:\Program Files (x86)\MyFME\mapgisk9;D:\Program Files (x86)\MyFME\walkgis;D:\Program Files (x86)\MyFME\ogdc;D:\Program Files (x86)\MyFME\;C:\Program Files (x86)\ArcGIS\Python27\ArcGIS10.2;C:\Program Files (x86)\ArcGIS\Python27\ArcGIS10.2\Scripts;D:\Program Files\Microsoft VS Code\bin;.]
09-Nov-2018 14:41:13.378 信息 [main] org.apache.coyote.AbstractProtocol.init Initializing ProtocolHandler ["http-nio-8080"]
09-Nov-2018 14:41:13.596 信息 [main] org.apache.tomcat.util.net.NioSelectorPool.getSharedSelector Using a shared selector for servlet write/read
09-Nov-2018 14:41:13.612 信息 [main] org.apache.coyote.AbstractProtocol.init Initializing ProtocolHandler ["ajp-nio-8009"]
09-Nov-2018 14:41:13.612 信息 [main] org.apache.tomcat.util.net.NioSelectorPool.getSharedSelector Using a shared selector for servlet write/read
09-Nov-2018 14:41:13.612 信息 [main] org.apache.catalina.startup.Catalina.load Initialization processed in 714 ms
09-Nov-2018 14:41:13.627 信息 [main] org.apache.catalina.core.StandardService.startInternal Starting service [Catalina]
09-Nov-2018 14:41:13.627 信息 [main] org.apache.catalina.core.StandardEngine.startInternal Starting Servlet Engine: Apache Tomcat/8.5.35
09-Nov-2018 14:41:13.643 信息 [localhost-startStop-1] org.apache.catalina.startup.HostConfig.deployDirectory Deploying web application directory [C:\Users\Administrator\Desktop\工具类\apache-tomcat-8.5.35\webapps\docs]
09-Nov-2018 14:41:13.892 信息 [localhost-startStop-1] org.apache.catalina.startup.HostConfig.deployDirectory Deployment of web application directory [C:\Users\Administrator\Desktop\工具类\apache-tomcat-8.5.35\webapps\docs] has finished in [249] ms
09-Nov-2018 14:41:13.892 信息 [localhost-startStop-1] org.apache.catalina.startup.HostConfig.deployDirectory Deploying web application directory [C:\Users\Administrator\Desktop\工具类\apache-tomcat-8.5.35\webapps\examples]
09-Nov-2018 14:41:14.470 信息 [localhost-startStop-1] org.apache.catalina.startup.HostConfig.deployDirectory Deployment of web application directory [C:\Users\Administrator\Desktop\工具类\apache-tomcat-8.5.35\webapps\examples] has finished in [578] ms
09-Nov-2018 14:41:14.470 信息 [localhost-startStop-1] org.apache.catalina.startup.HostConfig.deployDirectory Deploying web application directory [C:\Users\Administrator\Desktop\工具类\apache-tomcat-8.5.35\webapps\host-manager]
09-Nov-2018 14:41:14.516 信息 [localhost-startStop-1] org.apache.catalina.startup.HostConfig.deployDirectory Deployment of web application directory [C:\Users\Administrator\Desktop\工具类\apache-tomcat-8.5.35\webapps\host-manager] has finished in [46] ms
09-Nov-2018 14:41:14.516 信息 [localhost-startStop-1] org.apache.catalina.startup.HostConfig.deployDirectory Deploying web application directory [C:\Users\Administrator\Desktop\工具类\apache-tomcat-8.5.35\webapps\manager]
09-Nov-2018 14:41:14.548 信息 [localhost-startStop-1] org.apache.catalina.startup.HostConfig.deployDirectory Deployment of web application directory [C:\Users\Administrator\Desktop\工具类\apache-tomcat-8.5.35\webapps\manager] has finished in [32] ms
09-Nov-2018 14:41:14.548 信息 [localhost-startStop-1] org.apache.catalina.startup.HostConfig.deployDirectory Deploying web application directory [C:\Users\Administrator\Desktop\工具类\apache-tomcat-8.5.35\webapps\ROOT]
09-Nov-2018 14:41:14.579 信息 [localhost-startStop-1] org.apache.catalina.startup.HostConfig.deployDirectory Deployment of web application directory [C:\Users\Administrator\Desktop\工具类\apache-tomcat-8.5.35\webapps\ROOT] has finished in [31] ms
09-Nov-2018 14:41:14.579 信息 [main] org.apache.coyote.AbstractProtocol.start Starting ProtocolHandler ["http-nio-8080"]
09-Nov-2018 14:41:14.594 信息 [main] org.apache.coyote.AbstractProtocol.start Starting ProtocolHandler ["ajp-nio-8009"]
09-Nov-2018 14:41:14.594 信息 [main] org.apache.catalina.startup.Catalina.start Server startup in 987 ms
09-Nov-2018 15:00:18.534 信息 [main] org.apache.catalina.startup.VersionLoggerListener.log Server version:        Apache Tomcat/8.5.35
09-Nov-2018 15:00:18.534 信息 [main] org.apache.catalina.startup.VersionLoggerListener.log Server built:          Nov 3 2018 17:39:20 UTC
09-Nov-2018 15:00:18.534 信息 [main] org.apache.catalina.startup.VersionLoggerListener.log Server number:         8.5.35.0
09-Nov-2018 15:00:18.534 信息 [main] org.apache.catalina.startup.VersionLoggerListener.log OS Name:               Windows 7
09-Nov-2018 15:00:18.534 信息 [main] org.apache.catalina.startup.VersionLoggerListener.log OS Version:            6.1
09-Nov-2018 15:00:18.534 信息 [main] org.apache.catalina.startup.VersionLoggerListener.log Architecture:          amd64
09-Nov-2018 15:00:18.534 信息 [main] org.apache.catalina.startup.VersionLoggerListener.log Java Home:             D:\JDK\Java\jdk1.8.0_181\jre
09-Nov-2018 15:00:18.534 信息 [main] org.apache.catalina.startup.VersionLoggerListener.log JVM Version:           1.8.0_181-b13
09-Nov-2018 15:00:18.534 信息 [main] org.apache.catalina.startup.VersionLoggerListener.log JVM Vendor:            Oracle Corporation
09-Nov-2018 15:00:18.549 信息 [main] org.apache.catalina.startup.VersionLoggerListener.log CATALINA_BASE:         C:\Users\Administrator\Desktop\工具类\apache-tomcat-8.5.35
09-Nov-2018 15:00:18.549 信息 [main] org.apache.catalina.startup.VersionLoggerListener.log CATALINA_HOME:         C:\Users\Administrator\Desktop\工具类\apache-tomcat-8.5.35
09-Nov-2018 15:00:18.549 信息 [main] org.apache.catalina.startup.VersionLoggerListener.log Command line argument: -Djava.util.logging.config.file=C:\Users\Administrator\Desktop\工具类\apache-tomcat-8.5.35\conf\logging.properties
09-Nov-2018 15:00:18.549 信息 [main] org.apache.catalina.startup.VersionLoggerListener.log Command line argument: -Djava.util.logging.manager=org.apache.juli.ClassLoaderLogManager
09-Nov-2018 15:00:18.549 信息 [main] org.apache.catalina.startup.VersionLoggerListener.log Command line argument: -Djdk.tls.ephemeralDHKeySize=2048
09-Nov-2018 15:00:18.549 信息 [main] org.apache.catalina.startup.VersionLoggerListener.log Command line argument: -Djava.protocol.handler.pkgs=org.apache.catalina.webresources
09-Nov-2018 15:00:18.549 信息 [main] org.apache.catalina.startup.VersionLoggerListener.log Command line argument: -Dignore.endorsed.dirs=
09-Nov-2018 15:00:18.549 信息 [main] org.apache.catalina.startup.VersionLoggerListener.log Command line argument: -Dcatalina.base=C:\Users\Administrator\Desktop\工具类\apache-tomcat-8.5.35
09-Nov-2018 15:00:18.549 信息 [main] org.apache.catalina.startup.VersionLoggerListener.log Command line argument: -Dcatalina.home=C:\Users\Administrator\Desktop\工具类\apache-tomcat-8.5.35
09-Nov-2018 15:00:18.565 信息 [main] org.apache.catalina.startup.VersionLoggerListener.log Command line argument: -Djava.io.tmpdir=C:\Users\Administrator\Desktop\工具类\apache-tomcat-8.5.35\temp
09-Nov-2018 15:00:18.565 信息 [main] org.apache.catalina.core.AprLifecycleListener.lifecycleEvent The APR based Apache Tomcat Native library which allows optimal performance in production environments was not found on the java.library.path: [D:\JDK\Java\jdk1.8.0_181\bin;C:\windows\Sun\Java\bin;C:\windows\system32;C:\windows;C:\app\Administrator\product\11.2.0\client_1\bin;D:\app\Administrator\product\11.2.0\client_1;H:\app\Administrator\product\11.2.0\client_1\bin;C:\Program Files (x86)\Common Files\Oracle\Java\javapath;D:\JDK\Java\bin;D:\ProgramData\Anaconda3;D:\ProgramData\Anaconda3\Library\mingw-w64\bin;D:\ProgramData\Anaconda3\Library\usr\bin;D:\ProgramData\Anaconda3\Library\bin;D:\ProgramData\Anaconda3\Scripts;C:\windows\system32;C:\windows;C:\windows\System32\Wbem;C:\windows\System32\WindowsPowerShell\v1.0\;C:\Program Files\Microsoft\Web Platform Installer\;C:\Program Files (x86)\Microsoft ASP.NET\ASP.NET Web Pages\v1.0\;C:\Program Files\Microsoft SQL Server\110\Tools\Binn\;D:\Program Files (x86)\FME\;C:\Program Files\dotnet\;C:\Program Files (x86)\NVIDIA Corporation\PhysX\Common;C:\Program Files (x86)\Graphviz2.38\bin;C:\Program Files (x86)\Graphviz2.38;C:\Program Files (x86)\ArcGIS\Python27\ArcGIS10.2;C:\Program Files (x86)\ArcGIS\Python27\ArcGIS10.2\Scripts;D:\JDK\Java\jdk1.8.0_181\bin;E:\AndroidProject\android-sdk-windows;C:\Program Files\ArcGIS\ArcSDE\ora11gexe\bin\;C:\app\Administrator\product\11.2.0\client_1\BIN;C:\Program Files (x86)\MySQL\MySQL Server 5.5\bin;D:\MySQL\MySQL Server 5.5\bin;D:\Program Files\Git\cmd;D:\JDK\Java\jdk1.8.0_181\bin;D:\Program Files (x86)\MyFME\mapgis6x;D:\Program Files (x86)\MyFME\supermap6;D:\Program Files (x86)\MyFME\mapgisk9;D:\Program Files (x86)\MyFME\walkgis;D:\Program Files (x86)\MyFME\ogdc;D:\Program Files (x86)\MyFME\;C:\Program Files (x86)\ArcGIS\Python27\ArcGIS10.2;C:\Program Files (x86)\ArcGIS\Python27\ArcGIS10.2\Scripts;D:\Program Files\Microsoft VS Code\bin;.]
09-Nov-2018 15:00:18.674 信息 [main] org.apache.coyote.AbstractProtocol.init Initializing ProtocolHandler ["http-nio-8080"]
09-Nov-2018 15:00:18.877 信息 [main] org.apache.tomcat.util.net.NioSelectorPool.getSharedSelector Using a shared selector for servlet write/read
09-Nov-2018 15:00:18.892 信息 [main] org.apache.coyote.AbstractProtocol.init Initializing ProtocolHandler ["ajp-nio-8009"]
09-Nov-2018 15:00:18.892 信息 [main] org.apache.tomcat.util.net.NioSelectorPool.getSharedSelector Using a shared selector for servlet write/read
09-Nov-2018 15:00:18.892 信息 [main] org.apache.catalina.startup.Catalina.load Initialization processed in 685 ms
09-Nov-2018 15:00:18.924 信息 [main] org.apache.catalina.core.StandardService.startInternal Starting service [Catalina]
09-Nov-2018 15:00:18.924 信息 [main] org.apache.catalina.core.StandardEngine.startInternal Starting Servlet Engine: Apache Tomcat/8.5.35
09-Nov-2018 15:00:18.939 信息 [localhost-startStop-1] org.apache.catalina.startup.HostConfig.deployDirectory Deploying web application directory [C:\Users\Administrator\Desktop\工具类\apache-tomcat-8.5.35\webapps\docs]
09-Nov-2018 15:00:19.173 信息 [localhost-startStop-1] org.apache.catalina.startup.HostConfig.deployDirectory Deployment of web application directory [C:\Users\Administrator\Desktop\工具类\apache-tomcat-8.5.35\webapps\docs] has finished in [234] ms
09-Nov-2018 15:00:19.173 信息 [localhost-startStop-1] org.apache.catalina.startup.HostConfig.deployDirectory Deploying web application directory [C:\Users\Administrator\Desktop\工具类\apache-tomcat-8.5.35\webapps\examples]
09-Nov-2018 15:00:19.750 信息 [localhost-startStop-1] org.apache.catalina.startup.HostConfig.deployDirectory Deployment of web application directory [C:\Users\Administrator\Desktop\工具类\apache-tomcat-8.5.35\webapps\examples] has finished in [577] ms
09-Nov-2018 15:00:19.750 信息 [localhost-startStop-1] org.apache.catalina.startup.HostConfig.deployDirectory Deploying web application directory [C:\Users\Administrator\Desktop\工具类\apache-tomcat-8.5.35\webapps\host-manager]
09-Nov-2018 15:00:19.797 信息 [localhost-startStop-1] org.apache.catalina.startup.HostConfig.deployDirectory Deployment of web application directory [C:\Users\Administrator\Desktop\工具类\apache-tomcat-8.5.35\webapps\host-manager] has finished in [47] ms
09-Nov-2018 15:00:19.797 信息 [localhost-startStop-1] org.apache.catalina.startup.HostConfig.deployDirectory Deploying web application directory [C:\Users\Administrator\Desktop\工具类\apache-tomcat-8.5.35\webapps\manager]
09-Nov-2018 15:00:19.828 信息 [localhost-startStop-1] org.apache.catalina.startup.HostConfig.deployDirectory Deployment of web application directory [C:\Users\Administrator\Desktop\工具类\apache-tomcat-8.5.35\webapps\manager] has finished in [31] ms
09-Nov-2018 15:00:19.828 信息 [localhost-startStop-1] org.apache.catalina.startup.HostConfig.deployDirectory Deploying web application directory [C:\Users\Administrator\Desktop\工具类\apache-tomcat-8.5.35\webapps\ROOT]
09-Nov-2018 15:00:19.860 信息 [localhost-startStop-1] org.apache.catalina.startup.HostConfig.deployDirectory Deployment of web application directory [C:\Users\Administrator\Desktop\工具类\apache-tomcat-8.5.35\webapps\ROOT] has finished in [32] ms
09-Nov-2018 15:00:19.875 信息 [main] org.apache.coyote.AbstractProtocol.start Starting ProtocolHandler ["http-nio-8080"]
09-Nov-2018 15:00:19.875 信息 [main] org.apache.coyote.AbstractProtocol.start Starting ProtocolHandler ["ajp-nio-8009"]
09-Nov-2018 15:00:19.891 信息 [main] org.apache.catalina.startup.Catalina.start Server startup in 984 ms
09-Nov-2018 15:00:36.078 信息 [main] org.apache.catalina.core.StandardServer.await A valid shutdown command was received via the shutdown port. Stopping the Server instance.
09-Nov-2018 15:00:36.094 信息 [main] org.apache.coyote.AbstractProtocol.pause Pausing ProtocolHandler ["http-nio-8080"]
09-Nov-2018 15:00:36.281 信息 [main] org.apache.coyote.AbstractProtocol.pause Pausing ProtocolHandler ["ajp-nio-8009"]
09-Nov-2018 15:00:36.421 信息 [main] org.apache.catalina.core.StandardService.stopInternal Stopping service [Catalina]
09-Nov-2018 15:00:36.438 信息 [main] org.apache.coyote.AbstractProtocol.stop Stopping ProtocolHandler ["http-nio-8080"]
09-Nov-2018 15:00:36.438 信息 [main] org.apache.coyote.AbstractProtocol.stop Stopping ProtocolHandler ["ajp-nio-8009"]
09-Nov-2018 15:00:36.438 信息 [main] org.apache.coyote.AbstractProtocol.destroy Destroying ProtocolHandler ["http-nio-8080"]
09-Nov-2018 15:00:36.438 信息 [main] org.apache.coyote.AbstractProtocol.destroy Destroying ProtocolHandler ["ajp-nio-8009"]
